<?xml version="1.0" encoding="UTF-8"?>
<!-- Generated by org.testng.reporters.JUnitReportReporter -->
<testsuite hostname="ISMAIL" failures="0" tests="2" name="test.FirstAutoSel" time="9.837" errors="0" timestamp="2021-09-17T21:43:02 IST" skipped="0">
  <testcase classname="test.FirstAutoSel" name="FirstAutoSel1" time="4.814"/>
  <system-out/>
  <testcase classname="test.FirstAutoSel" name="FirstAutoSel" time="5.023"/>
  <system-out/>
</testsuite> <!-- test.FirstAutoSel -->
