<?xml version="1.0" encoding="UTF-8"?>
<!-- Generated by org.testng.reporters.JUnitReportReporter -->
<testsuite hostname="ISMAIL" failures="0" tests="2" name="com.nestadmin.test.SampleTest" time="8.092" errors="0" timestamp="2021-09-22T00:07:29 IST" skipped="1">
  <testcase classname="com.nestadmin.test.SampleTest" name="loginCheck" time="8.092"/>
  <system-out/>
  <testcase classname="com.nestadmin.test.SampleTest" name="login">
    <skipped/>
  </testcase> <!-- login -->
  <system-out/>
</testsuite> <!-- com.nestadmin.test.SampleTest -->
