<?xml version="1.0" encoding="UTF-8"?>
<!-- Generated by org.testng.reporters.JUnitReportReporter -->
<testsuite hostname="ISMAIL" failures="0" tests="2" name="com.nestadmin.test.HomePageTest" time="14.876" errors="0" timestamp="2021-09-28T22:14:06 IST" skipped="1">
  <testcase classname="com.nestadmin.test.HomePageTest" name="verifyNestLogin" time="14.876"/>
  <system-out>
    <![CDATA[]]>
  </system-out>
  <testcase classname="com.nestadmin.test.HomePageTest" name="verifyTitle">
    <skipped/>
  </testcase> <!-- verifyTitle -->
  <system-out/>
</testsuite> <!-- com.nestadmin.test.HomePageTest -->
