<?xml version="1.0" encoding="UTF-8"?>
<!-- Generated by org.testng.reporters.JUnitReportReporter -->
<testsuite hostname="ISMAIL" failures="0" tests="2" name="com.nestadmin.FirstAutoSel" time="8.794" errors="0" timestamp="2021-09-18T02:10:28 IST" skipped="0">
  <testcase classname="com.nestadmin.FirstAutoSel" name="FirstAutoSel" time="4.886"/>
  <system-out/>
  <testcase classname="com.nestadmin.FirstAutoSel" name="FirstAutoSel1" time="3.908"/>
  <system-out/>
</testsuite> <!-- com.nestadmin.FirstAutoSel -->
