<?xml version="1.0" encoding="UTF-8"?>
<!-- Generated by org.testng.reporters.JUnitReportReporter -->
<testsuite hostname="ISMAIL" failures="0" tests="2" name="com.nest_adm.FirstAutoSel" time="9.700" errors="0" timestamp="2021-09-18T00:53:41 IST" skipped="0">
  <testcase classname="com.nest_adm.FirstAutoSel" name="FirstAutoSel" time="5.791"/>
  <system-out/>
  <testcase classname="com.nest_adm.FirstAutoSel" name="FirstAutoSel1" time="3.909"/>
  <system-out/>
</testsuite> <!-- com.nest_adm.FirstAutoSel -->
