<?xml version="1.0" encoding="UTF-8"?>
<!-- Generated by org.testng.reporters.JUnitReportReporter -->
<testsuite hostname="ISMAIL" failures="0" tests="3" name="test.NestExtentReportsClass" time="10.491" errors="0" timestamp="2021-09-17T21:43:02 IST" skipped="1">
  <testcase classname="test.NestExtentReportsClass" name="verifyNestLogin" time="6.770"/>
  <system-out/>
  <testcase classname="test.NestExtentReportsClass" name="verifyTitle" time="3.721"/>
  <system-out/>
  <testcase classname="test.NestExtentReportsClass" name="verifyLogo">
    <skipped/>
  </testcase> <!-- verifyLogo -->
  <system-out/>
</testsuite> <!-- test.NestExtentReportsClass -->
