<?xml version="1.0" encoding="UTF-8"?>
<!-- Generated by org.testng.reporters.JUnitReportReporter -->
<testsuite hostname="ISMAIL" failures="0" tests="3" name="com.nestadmin.test.HomePageTest" time="14.550" errors="0" timestamp="2021-09-20T00:56:48 IST" skipped="0">
  <testcase classname="com.nestadmin.test.HomePageTest" name="verifyNestLogin" time="4.937"/>
  <system-out>
    <![CDATA[]]>
  </system-out>
  <testcase classname="com.nestadmin.test.HomePageTest" name="verifyTitle" time="4.497"/>
  <system-out/>
  <testcase classname="com.nestadmin.test.HomePageTest" name="verifyNestLogin" time="5.116"/>
  <system-out>
    <![CDATA[]]>
  </system-out>
</testsuite> <!-- com.nestadmin.test.HomePageTest -->
