<?xml version="1.0" encoding="UTF-8"?>
<!-- Generated by org.testng.reporters.JUnitReportReporter -->
<testsuite hostname="ISMAIL" failures="0" tests="3" name="com.nestadmin.NestExtentReportsClass" time="10.298" errors="0" timestamp="2021-09-18T02:10:28 IST" skipped="1">
  <testcase classname="com.nestadmin.NestExtentReportsClass" name="verifyNestLogin" time="6.832"/>
  <system-out/>
  <testcase classname="com.nestadmin.NestExtentReportsClass" name="verifyTitle" time="3.466"/>
  <system-out/>
  <testcase classname="com.nestadmin.NestExtentReportsClass" name="verifyLogo">
    <skipped/>
  </testcase> <!-- verifyLogo -->
  <system-out/>
</testsuite> <!-- com.nestadmin.NestExtentReportsClass -->
