<?xml version="1.0" encoding="UTF-8"?>
<!-- Generated by org.testng.reporters.JUnitReportReporter -->
<testsuite hostname="ISMAIL" failures="0" tests="3" name="com.nestadmin.NestExtentReportsClass" time="15.340" errors="0" timestamp="2021-09-18T11:06:13 IST" skipped="1">
  <testcase classname="com.nestadmin.NestExtentReportsClass" name="verifyTitle" time="8.397"/>
  <system-out/>
  <testcase classname="com.nestadmin.NestExtentReportsClass" name="verifyNestLogin" time="6.943"/>
  <system-out/>
  <testcase classname="com.nestadmin.NestExtentReportsClass" name="verifyLogo">
    <skipped/>
  </testcase> <!-- verifyLogo -->
  <system-out/>
</testsuite> <!-- com.nestadmin.NestExtentReportsClass -->
